<?xml version="1.0" encoding="UTF-8"?>
<testsuite xmlns:xsi="http://www.w3.org/2001/XMLSchema-instance" xsi:noNamespaceSchemaLocation="https://maven.apache.org/surefire/maven-surefire-plugin/xsd/surefire-test-report.xsd" name="B_HandTest" time="0.118" tests="14" errors="0" skipped="0" failures="9">
  <properties>
[...]
</properties>
  <testcase name="onCompareToMethod" classname="B_HandTest" time="0.001">
    <failure message="in class Hand add a method public int compareTo(Hand comparable)" type="java.lang.AssertionError">java.lang.AssertionError: in class Hand add a method public int compareTo(Hand comparable)
	at B_HandTest.onCompareToMethod(B_HandTest.java:253)
</failure>
  </testcase>
  <testcase name="sortedPrintingWorks" classname="B_HandTest" time="0.113">
    <failure message="With code &#10;Hand hand = new Hand();&#10;hand.add( new Card(12,Suit.HEART) ); &#10;hand.add( new Card(14,Suit.DIAMOND) ); &#10;hand.add( new Card(2,Suit.SPADE) ); &#10;hand.add( new Card(2,Suit.CLUB) ); &#10;hand.sort();&#10;hand.print()&#10;second card should be SPADE 2&#10;print was&#10;HEART Q&#10;DIAMOND A&#10;SPADE 2&#10;CLUB 2&#10;" type="java.lang.AssertionError">java.lang.AssertionError: 
With code 
Hand hand = new Hand();
hand.add( new Card(12,Suit.HEART) ); 
hand.add( new Card(14,Suit.DIAMOND) ); 
hand.add( new Card(2,Suit.SPADE) ); 
hand.add( new Card(2,Suit.CLUB) ); 
hand.sort();
hand.print()
second card should be SPADE 2
print was
HEART Q
DIAMOND A
SPADE 2
CLUB 2

	at B_HandTest.sortedPrintingWorks(B_HandTest.java:217)
</failure>
  </testcase>
  <testcase name="methodPrint" classname="B_HandTest" time="0"/>
  <testcase name="methodAdd" classname="B_HandTest" time="0"/>
  <testcase name="methodSort" classname="B_HandTest" time="0.001">
    <failure message="NoSuchElementException, in call sort(). error was caused by code&#10;Hand hand = new Hand();&#10;hand.print();" type="java.lang.AssertionError">java.lang.AssertionError: 
NoSuchElementException, in call sort(). error was caused by code
Hand hand = new Hand();
hand.print();
	at B_HandTest.methodSort(B_HandTest.java:170)
</failure>
  </testcase>
  <testcase name="printingWorks" classname="B_HandTest" time="0"/>
  <testcase name="comparisonWorks1" classname="B_HandTest" time="0.001">
    <failure message="Method compareTo(Hand) of class Hand missing." type="java.lang.AssertionError">java.lang.AssertionError: Method compareTo(Hand) of class Hand missing.
	at B_HandTest.comparisonWorks1(B_HandTest.java:294)
</failure>
  </testcase>
  <testcase name="comparisonWorks2" classname="B_HandTest" time="0">
    <failure message="Method compareTo(Hand) of class Hand missing." type="java.lang.AssertionError">java.lang.AssertionError: Method compareTo(Hand) of class Hand missing.
	at B_HandTest.comparisonWorks2(B_HandTest.java:328)
</failure>
  </testcase>
  <testcase name="comparisonWorks3" classname="B_HandTest" time="0.001">
    <failure message="Method compareTo(Hand) of class Hand missing." type="java.lang.AssertionError">java.lang.AssertionError: Method compareTo(Hand) of class Hand missing.
	at B_HandTest.comparisonWorks3(B_HandTest.java:361)
</failure>
  </testcase>
  <testcase name="comparisonWorks4" classname="B_HandTest" time="0">
    <failure message="Method compareTo(Hand) of class Hand missing." type="java.lang.AssertionError">java.lang.AssertionError: Method compareTo(Hand) of class Hand missing.
	at B_HandTest.comparisonWorks4(B_HandTest.java:402)
</failure>
  </testcase>
  <testcase name="comparisonWorks5" classname="B_HandTest" time="0.001">
    <failure message="Method compareTo(Hand) of class Hand missing." type="java.lang.AssertionError">java.lang.AssertionError: Method compareTo(Hand) of class Hand missing.
	at B_HandTest.comparisonWorks5(B_HandTest.java:445)
</failure>
  </testcase>
  <testcase name="isConstructor" classname="B_HandTest" time="0"/>
  <testcase name="noExtraVariables" classname="B_HandTest" time="0"/>
  <testcase name="onImplementComparableHand" classname="B_HandTest" time="0">
    <failure message="Make sure the class Hand has interface &quot;Comparable&lt;Hand&gt;&quot;" type="java.lang.AssertionError"><![CDATA[java.lang.AssertionError: Make sure the class Hand has interface "Comparable<Hand>"
	at B_HandTest.onImplementComparableHand(B_HandTest.java:239)
]]></failure>
  </testcase>
</testsuite>